{"name":"performAdvanceSearchTest","status":"skipped","statusDetails":{"known":false,"muted":false,"flaky":false,"message":"element is not found with the locator: By.xpath: //label[normalize-space()='Advanced search:']","trace":"com.qa.wikipedia.exceptions.ElementUtilException: element is not found with the locator: By.xpath: //label[normalize-space()='Advanced search:']\r\n\tat com.qa.wikipedia.utils.ElementUtil.getElement(ElementUtil.java:85)\r\n\tat com.qa.wikipedia.utils.ElementUtil.doClick(ElementUtil.java:105)\r\n\tat com.qa.wikipedia.pages.WikiAdvanceSearchPage.fillTheAdvanceSearchFields(WikiAdvanceSearchPage.java:56)\r\n\tat com.qa.wikipedia.tests.WikiAdvanceSearchTest.performAdvanceSearchTest(WikiAdvanceSearchTest.java:47)\r\n\tat java.base/jdk.internal.reflect.NativeMethodAccessorImpl.invoke0(Native Method)\r\n\tat java.base/jdk.internal.reflect.NativeMethodAccessorImpl.invoke(NativeMethodAccessorImpl.java:77)\r\n\tat java.base/jdk.internal.reflect.DelegatingMethodAccessorImpl.invoke(DelegatingMethodAccessorImpl.java:43)\r\n\tat java.base/java.lang.reflect.Method.invoke(Method.java:568)\r\n\tat org.testng.internal.MethodInvocationHelper.invokeMethod(MethodInvocationHelper.java:124)\r\n\tat org.testng.internal.Invoker.invokeMethod(Invoker.java:583)\r\n\tat org.testng.internal.Invoker.invokeTestMethod(Invoker.java:719)\r\n\tat org.testng.internal.Invoker.invokeTestMethods(Invoker.java:989)\r\n\tat org.testng.internal.TestMethodWorker.invokeTestMethods(TestMethodWorker.java:125)\r\n\tat org.testng.internal.TestMethodWorker.run(TestMethodWorker.java:109)\r\n\tat org.testng.TestRunner.privateRun(TestRunner.java:648)\r\n\tat org.testng.TestRunner.run(TestRunner.java:505)\r\n\tat org.testng.SuiteRunner.runTest(SuiteRunner.java:455)\r\n\tat org.testng.SuiteRunner.access$000(SuiteRunner.java:40)\r\n\tat org.testng.SuiteRunner$SuiteWorker.run(SuiteRunner.java:489)\r\n\tat org.testng.internal.thread.ThreadUtil$1.call(ThreadUtil.java:52)\r\n\tat java.base/java.util.concurrent.FutureTask.run(FutureTask.java:264)\r\n\tat java.base/java.util.concurrent.ThreadPoolExecutor.runWorker(ThreadPoolExecutor.java:1136)\r\n\tat java.base/java.util.concurrent.ThreadPoolExecutor$Worker.run(ThreadPoolExecutor.java:635)\r\n\tat java.base/java.lang.Thread.run(Thread.java:833)\r\n"},"stage":"finished","steps":[{"name":"fill the advance search details","status":"broken","statusDetails":{"known":false,"muted":false,"flaky":false,"message":"element is not found with the locator: By.xpath: //label[normalize-space()='Advanced search:']","trace":"com.qa.wikipedia.exceptions.ElementUtilException: element is not found with the locator: By.xpath: //label[normalize-space()='Advanced search:']\r\n\tat com.qa.wikipedia.utils.ElementUtil.getElement(ElementUtil.java:85)\r\n\tat com.qa.wikipedia.utils.ElementUtil.doClick(ElementUtil.java:105)\r\n\tat com.qa.wikipedia.pages.WikiAdvanceSearchPage.fillTheAdvanceSearchFields(WikiAdvanceSearchPage.java:56)\r\n\tat com.qa.wikipedia.tests.WikiAdvanceSearchTest.performAdvanceSearchTest(WikiAdvanceSearchTest.java:47)\r\n\tat java.base/jdk.internal.reflect.NativeMethodAccessorImpl.invoke0(Native Method)\r\n\tat java.base/jdk.internal.reflect.NativeMethodAccessorImpl.invoke(NativeMethodAccessorImpl.java:77)\r\n\tat java.base/jdk.internal.reflect.DelegatingMethodAccessorImpl.invoke(DelegatingMethodAccessorImpl.java:43)\r\n\tat java.base/java.lang.reflect.Method.invoke(Method.java:568)\r\n\tat org.testng.internal.MethodInvocationHelper.invokeMethod(MethodInvocationHelper.java:124)\r\n\tat org.testng.internal.Invoker.invokeMethod(Invoker.java:583)\r\n\tat org.testng.internal.Invoker.invokeTestMethod(Invoker.java:719)\r\n\tat org.testng.internal.Invoker.invokeTestMethods(Invoker.java:989)\r\n\tat org.testng.internal.TestMethodWorker.invokeTestMethods(TestMethodWorker.java:125)\r\n\tat org.testng.internal.TestMethodWorker.run(TestMethodWorker.java:109)\r\n\tat org.testng.TestRunner.privateRun(TestRunner.java:648)\r\n\tat org.testng.TestRunner.run(TestRunner.java:505)\r\n\tat org.testng.SuiteRunner.runTest(SuiteRunner.java:455)\r\n\tat org.testng.SuiteRunner.access$000(SuiteRunner.java:40)\r\n\tat org.testng.SuiteRunner$SuiteWorker.run(SuiteRunner.java:489)\r\n\tat org.testng.internal.thread.ThreadUtil$1.call(ThreadUtil.java:52)\r\n\tat java.base/java.util.concurrent.FutureTask.run(FutureTask.java:264)\r\n\tat java.base/java.util.concurrent.ThreadPoolExecutor.runWorker(ThreadPoolExecutor.java:1136)\r\n\tat java.base/java.util.concurrent.ThreadPoolExecutor$Worker.run(ThreadPoolExecutor.java:635)\r\n\tat java.base/java.lang.Thread.run(Thread.java:833)\r\n"},"stage":"finished","steps":[],"attachments":[],"parameters":[],"start":1659981311599,"stop":1659981311658}],"attachments":[],"parameters":[{"name":"browserversion","value":"91.0"},{"name":"browser","value":"chrome"}],"start":1659981311597,"stop":1659981311669,"uuid":"cee72551-c624-49bd-825d-8506bd8ae090","historyId":"cd435d4c11678b926f8a73aef095849f","fullName":"com.qa.wikipedia.tests.WikiAdvanceSearchTest.performAdvanceSearchTest","labels":[{"name":"package","value":"com.qa.wikipedia.tests.WikiAdvanceSearchTest"},{"name":"testClass","value":"com.qa.wikipedia.tests.WikiAdvanceSearchTest"},{"name":"testMethod","value":"performAdvanceSearchTest"},{"name":"parentSuite","value":"Wikipedia Test Suite"},{"name":"suite","value":"Wikipedia Advance Search chrome_91"},{"name":"subSuite","value":"com.qa.wikipedia.tests.WikiAdvanceSearchTest"},{"name":"host","value":"DESKTOP-DPB5V59"},{"name":"thread","value":"4040@DESKTOP-DPB5V59.TestNG-tests-2(17)"},{"name":"framework","value":"testng"},{"name":"language","value":"java"}],"links":[]}